<?xml version="1.0" encoding="UTF-8"?>
<!-- Generated by org.testng.reporters.JUnitReportReporter -->
<testsuite hostname="DESKTOP-4R6OVPN" failures="0" tests="1" name="testLayer.GetTraansactionsTest" time="24.340" errors="0" timestamp="2022-11-29T23:38:40 IST" skipped="0">
  <testcase classname="testLayer.GetTraansactionsTest" name="verifyTransactions" time="24.340"/>
  <system-out/>
</testsuite> <!-- testLayer.GetTraansactionsTest -->
