<?xml version="1.0" encoding="UTF-8"?>
<!-- Generated by org.testng.reporters.JUnitReportReporter -->
<testsuite hostname="DESKTOP-4R6OVPN" failures="0" tests="1" name="ai.ds.testLayer.LoginTest" time="11.267" errors="0" timestamp="2022-12-01T11:55:20 IST" skipped="0">
  <testcase classname="ai.ds.testLayer.LoginTest" name="verifyLoginFun" time="11.267"/>
  <system-out/>
</testsuite> <!-- ai.ds.testLayer.LoginTest -->
