<?xml version="1.0" encoding="UTF-8"?>
<!-- Generated by org.testng.reporters.JUnitReportReporter -->
<testsuite hostname="DESKTOP-4R6OVPN" failures="0" tests="4" name="testLayer.BuyFunctionalyTest" time="81.100" errors="0" timestamp="2022-11-29T23:38:40 IST" skipped="0">
  <testcase classname="testLayer.BuyFunctionalyTest" name="TC_BF_001" time="21.458"/>
  <system-out/>
  <testcase classname="testLayer.BuyFunctionalyTest" name="TC_BF_003" time="21.412"/>
  <system-out/>
  <testcase classname="testLayer.BuyFunctionalyTest" name="TC_BF_002" time="19.582"/>
  <system-out/>
  <testcase classname="testLayer.BuyFunctionalyTest" name="TC_BF_004" time="18.648"/>
  <system-out/>
</testsuite> <!-- testLayer.BuyFunctionalyTest -->
