<?xml version="1.0" encoding="UTF-8"?>
<!-- Generated by org.testng.reporters.JUnitReportReporter -->
<testsuite hostname="DESKTOP-4R6OVPN" failures="0" tests="4" name="ai.ds.testLayer.BuyFunctionalyTest" time="69.862" errors="0" timestamp="2022-12-01T11:55:20 IST" skipped="0">
  <testcase classname="ai.ds.testLayer.BuyFunctionalyTest" name="TC_BF_001" time="17.284"/>
  <system-out/>
  <testcase classname="ai.ds.testLayer.BuyFunctionalyTest" name="TC_BF_002" time="17.929"/>
  <system-out/>
  <testcase classname="ai.ds.testLayer.BuyFunctionalyTest" name="TC_BF_003" time="17.375"/>
  <system-out/>
  <testcase classname="ai.ds.testLayer.BuyFunctionalyTest" name="TC_BF_004" time="17.274"/>
  <system-out/>
</testsuite> <!-- ai.ds.testLayer.BuyFunctionalyTest -->
