<?xml version="1.0" encoding="UTF-8"?>
<!-- Generated by org.testng.reporters.JUnitReportReporter -->
<testsuite hostname="DESKTOP-4R6OVPN" failures="0" tests="1" name="ai.ds.testLayer.GetTraansactionsTest" time="33.398" errors="0" timestamp="2022-12-01T11:55:20 IST" skipped="0">
  <testcase classname="ai.ds.testLayer.GetTraansactionsTest" name="verifyTransactions" time="33.398"/>
  <system-out/>
</testsuite> <!-- ai.ds.testLayer.GetTraansactionsTest -->
