<?xml version="1.0" encoding="UTF-8"?>
<!-- Generated by org.testng.reporters.JUnitReportReporter -->
<testsuite hostname="DESKTOP-4R6OVPN" failures="0" tests="4" name="ai.ds.testLayer.BuyFunctionalyTest" time="71.572" errors="0" timestamp="2022-12-02T14:32:42 IST" skipped="0">
  <testcase classname="ai.ds.testLayer.BuyFunctionalyTest" name="TC_BF_001" time="15.161"/>
  <system-out/>
  <testcase classname="ai.ds.testLayer.BuyFunctionalyTest" name="TC_BF_002" time="19.860"/>
  <system-out/>
  <testcase classname="ai.ds.testLayer.BuyFunctionalyTest" name="TC_BF_004" time="18.288"/>
  <system-out/>
  <testcase classname="ai.ds.testLayer.BuyFunctionalyTest" name="TC_BF_003" time="18.263"/>
  <system-out/>
</testsuite> <!-- ai.ds.testLayer.BuyFunctionalyTest -->
