<?xml version="1.0" encoding="UTF-8"?>
<!-- Generated by org.testng.reporters.JUnitReportReporter -->
<testsuite hostname="DESKTOP-4R6OVPN" failures="0" tests="1" name="ai.ds.testLayer.GetTraansactionsTest" time="20.076" errors="0" timestamp="2022-12-02T14:32:42 IST" skipped="0">
  <testcase classname="ai.ds.testLayer.GetTraansactionsTest" name="verifyTransactions" time="20.076"/>
  <system-out/>
</testsuite> <!-- ai.ds.testLayer.GetTraansactionsTest -->
