<?xml version="1.0" encoding="UTF-8"?>
<!-- Generated by org.testng.reporters.JUnitReportReporter -->
<testsuite hostname="DESKTOP-4R6OVPN" failures="0" tests="1" name="testLayer.LoginTest" time="11.405" errors="0" timestamp="2022-11-29T23:38:40 IST" skipped="0">
  <testcase classname="testLayer.LoginTest" name="verifyLoginFun" time="11.405"/>
  <system-out/>
</testsuite> <!-- testLayer.LoginTest -->
